2024-10-25 08:47:52 [main] INFO  com.soft.SpringbootTestApplication - Starting SpringbootTestApplication using Java 17.0.2 with PID 10184 (E:\java\springboot-test\target\classes started by cyq in E:\java\springboot-test)
2024-10-25 08:47:52 [main] INFO  com.soft.SpringbootTestApplication - No active profile set, falling back to 1 default profile: "default"
2024-10-25 08:47:52 [main] INFO  o.s.d.r.c.RepositoryConfigurationDelegate - Multiple Spring Data modules found, entering strict repository configuration mode
2024-10-25 08:47:52 [main] INFO  o.s.d.r.c.RepositoryConfigurationDelegate - Bootstrapping Spring Data Redis repositories in DEFAULT mode.
2024-10-25 08:47:52 [main] INFO  o.s.d.r.c.RepositoryConfigurationDelegate - Finished Spring Data repository scanning in 10 ms. Found 0 Redis repository interfaces.
2024-10-25 08:47:53 [main] INFO  o.s.b.w.e.tomcat.TomcatWebServer - Tomcat initialized with port 8080 (http)
2024-10-25 08:47:53 [main] INFO  o.a.catalina.core.StandardService - Starting service [Tomcat]
2024-10-25 08:47:53 [main] INFO  o.a.catalina.core.StandardEngine - Starting Servlet engine: [Apache Tomcat/10.1.25]
2024-10-25 08:47:53 [main] INFO  o.a.c.c.C.[.[localhost].[/cyx] - Initializing Spring embedded WebApplicationContext
2024-10-25 08:47:53 [main] INFO  o.s.b.w.s.c.ServletWebServerApplicationContext - Root WebApplicationContext: initialization completed in 1148 ms
2024-10-25 08:47:53 [main] INFO  o.s.s.c.a.a.c.InitializeUserDetailsBeanManagerConfigurer$InitializeUserDetailsManagerConfigurer - Global AuthenticationManager configured with UserDetailsService bean with name usersDetailServiceImpl
2024-10-25 08:47:54 [main] INFO  o.s.b.w.e.tomcat.TomcatWebServer - Tomcat started on port 8080 (http) with context path '/cyx'
2024-10-25 08:47:54 [main] INFO  com.soft.SpringbootTestApplication - Started SpringbootTestApplication in 3.04 seconds (process running for 3.906)
2024-10-25 08:48:42 [main] INFO  com.soft.SpringbootTestApplication - Starting SpringbootTestApplication using Java 17.0.2 with PID 3844 (E:\java\springboot-test\target\classes started by cyq in E:\java\springboot-test)
2024-10-25 08:48:42 [main] INFO  com.soft.SpringbootTestApplication - No active profile set, falling back to 1 default profile: "default"
2024-10-25 08:48:43 [main] INFO  o.s.d.r.c.RepositoryConfigurationDelegate - Multiple Spring Data modules found, entering strict repository configuration mode
2024-10-25 08:48:43 [main] INFO  o.s.d.r.c.RepositoryConfigurationDelegate - Bootstrapping Spring Data Redis repositories in DEFAULT mode.
2024-10-25 08:48:43 [main] INFO  o.s.d.r.c.RepositoryConfigurationDelegate - Finished Spring Data repository scanning in 10 ms. Found 0 Redis repository interfaces.
2024-10-25 08:48:43 [main] INFO  o.s.b.w.e.tomcat.TomcatWebServer - Tomcat initialized with port 8080 (http)
2024-10-25 08:48:43 [main] INFO  o.a.catalina.core.StandardService - Starting service [Tomcat]
2024-10-25 08:48:43 [main] INFO  o.a.catalina.core.StandardEngine - Starting Servlet engine: [Apache Tomcat/10.1.25]
2024-10-25 08:48:43 [main] INFO  o.a.c.c.C.[.[localhost].[/cyx] - Initializing Spring embedded WebApplicationContext
2024-10-25 08:48:43 [main] INFO  o.s.b.w.s.c.ServletWebServerApplicationContext - Root WebApplicationContext: initialization completed in 1010 ms
2024-10-25 08:48:44 [main] INFO  o.s.s.c.a.a.c.InitializeUserDetailsBeanManagerConfigurer$InitializeUserDetailsManagerConfigurer - Global AuthenticationManager configured with UserDetailsService bean with name usersDetailServiceImpl
2024-10-25 08:48:45 [main] INFO  o.s.b.w.e.tomcat.TomcatWebServer - Tomcat started on port 8080 (http) with context path '/cyx'
2024-10-25 08:48:45 [main] INFO  com.soft.SpringbootTestApplication - Started SpringbootTestApplication in 2.633 seconds (process running for 3.119)
